14-Mar-2020 19:42:43.183 INFO [main] org.apache.catalina.startup.VersionLoggerListener.log Server version name:   Apache Tomcat/9.0.31
14-Mar-2020 19:42:43.187 INFO [main] org.apache.catalina.startup.VersionLoggerListener.log Server built:          Feb 5 2020 19:32:12 UTC
14-Mar-2020 19:42:43.187 INFO [main] org.apache.catalina.startup.VersionLoggerListener.log Server version number: 9.0.31.0
14-Mar-2020 19:42:43.187 INFO [main] org.apache.catalina.startup.VersionLoggerListener.log OS Name:               Windows 10
14-Mar-2020 19:42:43.188 INFO [main] org.apache.catalina.startup.VersionLoggerListener.log OS Version:            10.0
14-Mar-2020 19:42:43.188 INFO [main] org.apache.catalina.startup.VersionLoggerListener.log Architecture:          amd64
14-Mar-2020 19:42:43.188 INFO [main] org.apache.catalina.startup.VersionLoggerListener.log Java Home:             C:\Program Files\Amazon Corretto\jdk11.0.5_10
14-Mar-2020 19:42:43.188 INFO [main] org.apache.catalina.startup.VersionLoggerListener.log JVM Version:           11.0.5+10-LTS
14-Mar-2020 19:42:43.188 INFO [main] org.apache.catalina.startup.VersionLoggerListener.log JVM Vendor:            Amazon.com Inc.
14-Mar-2020 19:42:43.189 INFO [main] org.apache.catalina.startup.VersionLoggerListener.log CATALINA_BASE:         G:\Jenkins\Jenkins\myWebProject\tomcat
14-Mar-2020 19:42:43.189 INFO [main] org.apache.catalina.startup.VersionLoggerListener.log CATALINA_HOME:         G:\Jenkins\Jenkins\myWebProject\tomcat
14-Mar-2020 19:42:43.208 INFO [main] org.apache.catalina.startup.VersionLoggerListener.log Command line argument: --add-opens=java.base/java.lang=ALL-UNNAMED
14-Mar-2020 19:42:43.209 INFO [main] org.apache.catalina.startup.VersionLoggerListener.log Command line argument: --add-opens=java.base/java.io=ALL-UNNAMED
14-Mar-2020 19:42:43.209 INFO [main] org.apache.catalina.startup.VersionLoggerListener.log Command line argument: --add-opens=java.rmi/sun.rmi.transport=ALL-UNNAMED
14-Mar-2020 19:42:43.210 INFO [main] org.apache.catalina.startup.VersionLoggerListener.log Command line argument: -Djava.util.logging.config.file=G:\Jenkins\Jenkins\myWebProject\tomcat\conf\logging.properties
14-Mar-2020 19:42:43.210 INFO [main] org.apache.catalina.startup.VersionLoggerListener.log Command line argument: -Djava.util.logging.manager=org.apache.juli.ClassLoaderLogManager
14-Mar-2020 19:42:43.211 INFO [main] org.apache.catalina.startup.VersionLoggerListener.log Command line argument: -Djdk.tls.ephemeralDHKeySize=2048
14-Mar-2020 19:42:43.211 INFO [main] org.apache.catalina.startup.VersionLoggerListener.log Command line argument: -Djava.protocol.handler.pkgs=org.apache.catalina.webresources
14-Mar-2020 19:42:43.212 INFO [main] org.apache.catalina.startup.VersionLoggerListener.log Command line argument: -Dignore.endorsed.dirs=
14-Mar-2020 19:42:43.212 INFO [main] org.apache.catalina.startup.VersionLoggerListener.log Command line argument: -Dcatalina.base=G:\Jenkins\Jenkins\myWebProject\tomcat
14-Mar-2020 19:42:43.212 INFO [main] org.apache.catalina.startup.VersionLoggerListener.log Command line argument: -Dcatalina.home=G:\Jenkins\Jenkins\myWebProject\tomcat
14-Mar-2020 19:42:43.213 INFO [main] org.apache.catalina.startup.VersionLoggerListener.log Command line argument: -Djava.io.tmpdir=G:\Jenkins\Jenkins\myWebProject\tomcat\temp
14-Mar-2020 19:42:43.213 INFO [main] org.apache.catalina.core.AprLifecycleListener.lifecycleEvent Loaded APR based Apache Tomcat Native library [1.2.23] using APR version [1.7.0].
14-Mar-2020 19:42:43.214 INFO [main] org.apache.catalina.core.AprLifecycleListener.lifecycleEvent APR capabilities: IPv6 [true], sendfile [true], accept filters [false], random [true].
14-Mar-2020 19:42:43.214 INFO [main] org.apache.catalina.core.AprLifecycleListener.lifecycleEvent APR/OpenSSL configuration: useAprConnector [false], useOpenSSL [true]
14-Mar-2020 19:42:43.219 INFO [main] org.apache.catalina.core.AprLifecycleListener.initializeSSL OpenSSL successfully initialized [OpenSSL 1.1.1c  28 May 2019]
14-Mar-2020 19:42:43.471 INFO [main] org.apache.coyote.AbstractProtocol.init Initializing ProtocolHandler ["http-nio-9999"]
14-Mar-2020 19:42:43.673 INFO [main] org.apache.catalina.startup.Catalina.load Server initialization in [712] milliseconds
14-Mar-2020 19:42:43.725 INFO [main] org.apache.catalina.core.StandardService.startInternal Starting service [Catalina]
14-Mar-2020 19:42:43.726 INFO [main] org.apache.catalina.core.StandardEngine.startInternal Starting Servlet engine: [Apache Tomcat/9.0.31]
14-Mar-2020 19:42:49.693 INFO [main] org.apache.catalina.startup.HostConfig.deployDirectory Deploying web application directory [G:\Jenkins\Jenkins\myWebProject\tomcat\webapps\ROOT]
14-Mar-2020 19:42:50.245 WARNING [main] org.apache.catalina.util.SessionIdGeneratorBase.createSecureRandom Creation of SecureRandom instance for session ID generation using [SHA1PRNG] took [151] milliseconds.
14-Mar-2020 19:42:50.269 INFO [main] org.apache.catalina.startup.HostConfig.deployDirectory Deployment of web application directory [G:\Jenkins\Jenkins\myWebProject\tomcat\webapps\ROOT] has finished in [576] ms
14-Mar-2020 19:42:50.270 INFO [main] org.apache.catalina.startup.HostConfig.deployDirectory Deploying web application directory [G:\Jenkins\Jenkins\myWebProject\tomcat\webapps\docs]
14-Mar-2020 19:42:56.689 INFO [main] org.apache.catalina.startup.HostConfig.deployDirectory Deployment of web application directory [G:\Jenkins\Jenkins\myWebProject\tomcat\webapps\docs] has finished in [6,419] ms
14-Mar-2020 19:42:56.690 INFO [main] org.apache.catalina.startup.HostConfig.deployDirectory Deploying web application directory [G:\Jenkins\Jenkins\myWebProject\tomcat\webapps\examples]
14-Mar-2020 19:43:10.656 INFO [main] org.apache.catalina.startup.HostConfig.deployDirectory Deployment of web application directory [G:\Jenkins\Jenkins\myWebProject\tomcat\webapps\examples] has finished in [13,966] ms
14-Mar-2020 19:43:10.656 INFO [main] org.apache.catalina.startup.HostConfig.deployDirectory Deploying web application directory [G:\Jenkins\Jenkins\myWebProject\tomcat\webapps\host-manager]
14-Mar-2020 19:43:10.802 INFO [main] org.apache.catalina.startup.HostConfig.deployDirectory Deployment of web application directory [G:\Jenkins\Jenkins\myWebProject\tomcat\webapps\host-manager] has finished in [146] ms
14-Mar-2020 19:43:10.802 INFO [main] org.apache.catalina.startup.HostConfig.deployDirectory Deploying web application directory [G:\Jenkins\Jenkins\myWebProject\tomcat\webapps\manager]
14-Mar-2020 19:43:10.905 INFO [main] org.apache.catalina.startup.HostConfig.deployDirectory Deployment of web application directory [G:\Jenkins\Jenkins\myWebProject\tomcat\webapps\manager] has finished in [103] ms
14-Mar-2020 19:43:10.911 INFO [main] org.apache.coyote.AbstractProtocol.start Starting ProtocolHandler ["http-nio-9999"]
14-Mar-2020 19:43:10.924 INFO [main] org.apache.catalina.startup.Catalina.start Server startup in [27,249] milliseconds
14-Mar-2020 19:57:24.236 INFO [main] org.apache.catalina.core.StandardServer.await A valid shutdown command was received via the shutdown port. Stopping the Server instance.
14-Mar-2020 19:57:24.237 INFO [main] org.apache.coyote.AbstractProtocol.pause Pausing ProtocolHandler ["http-nio-9999"]
14-Mar-2020 19:57:24.384 INFO [main] org.apache.catalina.core.StandardService.stopInternal Stopping service [Catalina]
14-Mar-2020 19:57:25.527 INFO [main] org.apache.coyote.AbstractProtocol.stop Stopping ProtocolHandler ["http-nio-9999"]
14-Mar-2020 19:57:25.532 INFO [main] org.apache.coyote.AbstractProtocol.destroy Destroying ProtocolHandler ["http-nio-9999"]
